<?xml version="1.0" encoding="UTF-8"?>
<!-- Generated by org.testng.reporters.JUnitReportReporter -->
<testsuite skipped="0" hostname="DESKTOP-I5JIKQ7" name="testNg.LoanTest" tests="1" failures="0" timestamp="02 Apr 2022 16:42:59 GMT" time="0.009" errors="0">
  <testcase name="HomeLoanTest" time="0.009" classname="testNg.LoanTest"/>
</testsuite> <!-- testNg.LoanTest -->
