<?xml version="1.0" encoding="UTF-8"?>
<!-- Generated by org.testng.reporters.JUnitReportReporter -->
<testsuite skipped="0" hostname="DESKTOP-I5JIKQ7" name="testNg.FirstTest" tests="1" failures="0" timestamp="02 Apr 2022 16:02:32 GMT" time="12.220" errors="0">
  <testcase name="LogiTestCase1" time="12.220" classname="testNg.FirstTest"/>
</testsuite> <!-- testNg.FirstTest -->
