<?xml version="1.0" encoding="UTF-8"?>
<!-- Generated by org.testng.reporters.JUnitReportReporter -->
<testsuite skipped="0" hostname="DESKTOP-I5JIKQ7" name="testNg.CardTest" tests="1" failures="0" timestamp="02 Apr 2022 17:07:21 GMT" time="0.000" errors="0">
  <testcase name="CreditCardTest" time="0.000" classname="testNg.CardTest"/>
</testsuite> <!-- testNg.CardTest -->
